{"level":"info","message":"App listening on url: http://localhost:8080"}
{"level":"error","message":"winston is not defined winston is not defined","stack":"ReferenceError: winston is not defined\n    at C:\\Users\\omar\\Desktop\\cinema\\startup\\db.js:9:27\n    at process.processTicksAndRejections (node:internal/process/task_queues:95:5)"}
{"level":"info","message":"App listening on url: http://localhost:8080"}
{"level":"error","message":"winston is not defined winston is not defined","stack":"ReferenceError: winston is not defined\n    at C:\\Users\\omar\\Desktop\\cinema\\startup\\db.js:9:27\n    at process.processTicksAndRejections (node:internal/process/task_queues:95:5)"}
{"level":"info","message":"App listening on url: http://localhost:8080"}
{"level":"error","message":"winston is not defined winston is not defined","stack":"ReferenceError: winston is not defined\n    at C:\\Users\\omar\\Desktop\\cinema\\startup\\db.js:8:27\n    at process.processTicksAndRejections (node:internal/process/task_queues:95:5)"}
{"level":"info","message":"App listening on url: http://localhost:8080"}
{"level":"info","message":"MongoDB Connected..."}
{"level":"info","message":"App listening on url: http://localhost:8080"}
{"level":"info","message":"MongoDB Connected..."}
{"level":"info","message":"App listening on url: http://localhost:8080"}
{"level":"info","message":"MongoDB Connected..."}
{"level":"info","message":"App listening on url: http://localhost:8080"}
{"level":"info","message":"MongoDB Connected..."}
{"level":"info","message":"App listening on url: http://localhost:8080"}
{"level":"info","message":"MongoDB Connected..."}
{"level":"info","message":"App listening on url: http://localhost:8080"}
{"level":"info","message":"MongoDB Connected..."}
{"level":"info","message":"App listening on url: http://localhost:8080"}
{"level":"info","message":"MongoDB Connected..."}
{"level":"info","message":"App listening on url: http://localhost:8080"}
{"level":"info","message":"MongoDB Connected..."}
{"level":"info","message":"App listening on url: http://localhost:8080"}
{"level":"info","message":"MongoDB Connected..."}
{"level":"error","message":"User.findOne is not a function User.findOne is not a function","stack":"TypeError: User.findOne is not a function\n    at addUser (C:\\Users\\omar\\Desktop\\cinema\\src\\controllers\\userController.js:10:27)\n    at Layer.handle [as handle_request] (C:\\Users\\omar\\Desktop\\cinema\\node_modules\\express\\lib\\router\\layer.js:95:5)\n    at next (C:\\Users\\omar\\Desktop\\cinema\\node_modules\\express\\lib\\router\\route.js:149:13)\n    at Route.dispatch (C:\\Users\\omar\\Desktop\\cinema\\node_modules\\express\\lib\\router\\route.js:119:3)\n    at Layer.handle [as handle_request] (C:\\Users\\omar\\Desktop\\cinema\\node_modules\\express\\lib\\router\\layer.js:95:5)\n    at C:\\Users\\omar\\Desktop\\cinema\\node_modules\\express\\lib\\router\\index.js:284:15\n    at Function.process_params (C:\\Users\\omar\\Desktop\\cinema\\node_modules\\express\\lib\\router\\index.js:346:12)\n    at next (C:\\Users\\omar\\Desktop\\cinema\\node_modules\\express\\lib\\router\\index.js:280:10)\n    at Function.handle (C:\\Users\\omar\\Desktop\\cinema\\node_modules\\express\\lib\\router\\index.js:175:3)\n    at router (C:\\Users\\omar\\Desktop\\cinema\\node_modules\\express\\lib\\router\\index.js:47:12)"}
{"level":"info","message":"App listening on url: http://localhost:8080"}
{"level":"info","message":"MongoDB Connected..."}
{"level":"error","message":"User.findOne is not a function User.findOne is not a function","stack":"TypeError: User.findOne is not a function\n    at addUser (C:\\Users\\omar\\Desktop\\cinema\\src\\controllers\\userController.js:10:27)\n    at Layer.handle [as handle_request] (C:\\Users\\omar\\Desktop\\cinema\\node_modules\\express\\lib\\router\\layer.js:95:5)\n    at next (C:\\Users\\omar\\Desktop\\cinema\\node_modules\\express\\lib\\router\\route.js:149:13)\n    at Route.dispatch (C:\\Users\\omar\\Desktop\\cinema\\node_modules\\express\\lib\\router\\route.js:119:3)\n    at Layer.handle [as handle_request] (C:\\Users\\omar\\Desktop\\cinema\\node_modules\\express\\lib\\router\\layer.js:95:5)\n    at C:\\Users\\omar\\Desktop\\cinema\\node_modules\\express\\lib\\router\\index.js:284:15\n    at Function.process_params (C:\\Users\\omar\\Desktop\\cinema\\node_modules\\express\\lib\\router\\index.js:346:12)\n    at next (C:\\Users\\omar\\Desktop\\cinema\\node_modules\\express\\lib\\router\\index.js:280:10)\n    at Function.handle (C:\\Users\\omar\\Desktop\\cinema\\node_modules\\express\\lib\\router\\index.js:175:3)\n    at router (C:\\Users\\omar\\Desktop\\cinema\\node_modules\\express\\lib\\router\\index.js:47:12)"}
{"level":"info","message":"App listening on url: http://localhost:8080"}
{"level":"info","message":"MongoDB Connected..."}
{"level":"error","message":"validate is not a function validate is not a function","stack":"TypeError: validate is not a function\n    at addUser (C:\\Users\\omar\\Desktop\\cinema\\src\\controllers\\userController.js:7:23)\n    at Layer.handle [as handle_request] (C:\\Users\\omar\\Desktop\\cinema\\node_modules\\express\\lib\\router\\layer.js:95:5)\n    at next (C:\\Users\\omar\\Desktop\\cinema\\node_modules\\express\\lib\\router\\route.js:149:13)\n    at Route.dispatch (C:\\Users\\omar\\Desktop\\cinema\\node_modules\\express\\lib\\router\\route.js:119:3)\n    at Layer.handle [as handle_request] (C:\\Users\\omar\\Desktop\\cinema\\node_modules\\express\\lib\\router\\layer.js:95:5)\n    at C:\\Users\\omar\\Desktop\\cinema\\node_modules\\express\\lib\\router\\index.js:284:15\n    at Function.process_params (C:\\Users\\omar\\Desktop\\cinema\\node_modules\\express\\lib\\router\\index.js:346:12)\n    at next (C:\\Users\\omar\\Desktop\\cinema\\node_modules\\express\\lib\\router\\index.js:280:10)\n    at Function.handle (C:\\Users\\omar\\Desktop\\cinema\\node_modules\\express\\lib\\router\\index.js:175:3)\n    at router (C:\\Users\\omar\\Desktop\\cinema\\node_modules\\express\\lib\\router\\index.js:47:12)"}
{"level":"info","message":"App listening on url: http://localhost:8080"}
{"level":"info","message":"MongoDB Connected..."}
{"level":"error","message":"Joi.validate is not a function Joi.validate is not a function","stack":"TypeError: Joi.validate is not a function\n    at validateUser (C:\\Users\\omar\\Desktop\\cinema\\src\\models\\userModel.js:32:16)\n    at addUser (C:\\Users\\omar\\Desktop\\cinema\\src\\controllers\\userController.js:7:23)\n    at Layer.handle [as handle_request] (C:\\Users\\omar\\Desktop\\cinema\\node_modules\\express\\lib\\router\\layer.js:95:5)\n    at next (C:\\Users\\omar\\Desktop\\cinema\\node_modules\\express\\lib\\router\\route.js:149:13)\n    at Route.dispatch (C:\\Users\\omar\\Desktop\\cinema\\node_modules\\express\\lib\\router\\route.js:119:3)\n    at Layer.handle [as handle_request] (C:\\Users\\omar\\Desktop\\cinema\\node_modules\\express\\lib\\router\\layer.js:95:5)\n    at C:\\Users\\omar\\Desktop\\cinema\\node_modules\\express\\lib\\router\\index.js:284:15\n    at Function.process_params (C:\\Users\\omar\\Desktop\\cinema\\node_modules\\express\\lib\\router\\index.js:346:12)\n    at next (C:\\Users\\omar\\Desktop\\cinema\\node_modules\\express\\lib\\router\\index.js:280:10)\n    at Function.handle (C:\\Users\\omar\\Desktop\\cinema\\node_modules\\express\\lib\\router\\index.js:175:3)"}
{"level":"info","message":"App listening on url: http://localhost:8080"}
{"level":"info","message":"MongoDB Connected..."}
{"level":"error","message":"schema.validate is not a function schema.validate is not a function","stack":"TypeError: schema.validate is not a function\n    at validateUser (C:\\Users\\omar\\Desktop\\cinema\\src\\models\\userModel.js:32:19)\n    at addUser (C:\\Users\\omar\\Desktop\\cinema\\src\\controllers\\userController.js:7:23)\n    at Layer.handle [as handle_request] (C:\\Users\\omar\\Desktop\\cinema\\node_modules\\express\\lib\\router\\layer.js:95:5)\n    at next (C:\\Users\\omar\\Desktop\\cinema\\node_modules\\express\\lib\\router\\route.js:149:13)\n    at Route.dispatch (C:\\Users\\omar\\Desktop\\cinema\\node_modules\\express\\lib\\router\\route.js:119:3)\n    at Layer.handle [as handle_request] (C:\\Users\\omar\\Desktop\\cinema\\node_modules\\express\\lib\\router\\layer.js:95:5)\n    at C:\\Users\\omar\\Desktop\\cinema\\node_modules\\express\\lib\\router\\index.js:284:15\n    at Function.process_params (C:\\Users\\omar\\Desktop\\cinema\\node_modules\\express\\lib\\router\\index.js:346:12)\n    at next (C:\\Users\\omar\\Desktop\\cinema\\node_modules\\express\\lib\\router\\index.js:280:10)\n    at Function.handle (C:\\Users\\omar\\Desktop\\cinema\\node_modules\\express\\lib\\router\\index.js:175:3)"}
{"level":"info","message":"App listening on url: http://localhost:8080"}
{"level":"info","message":"MongoDB Connected..."}
{"level":"error","message":"User.findOne is not a function User.findOne is not a function","stack":"TypeError: User.findOne is not a function\n    at addUser (C:\\Users\\omar\\Desktop\\cinema\\src\\controllers\\userController.js:10:27)\n    at Layer.handle [as handle_request] (C:\\Users\\omar\\Desktop\\cinema\\node_modules\\express\\lib\\router\\layer.js:95:5)\n    at next (C:\\Users\\omar\\Desktop\\cinema\\node_modules\\express\\lib\\router\\route.js:149:13)\n    at Route.dispatch (C:\\Users\\omar\\Desktop\\cinema\\node_modules\\express\\lib\\router\\route.js:119:3)\n    at Layer.handle [as handle_request] (C:\\Users\\omar\\Desktop\\cinema\\node_modules\\express\\lib\\router\\layer.js:95:5)\n    at C:\\Users\\omar\\Desktop\\cinema\\node_modules\\express\\lib\\router\\index.js:284:15\n    at Function.process_params (C:\\Users\\omar\\Desktop\\cinema\\node_modules\\express\\lib\\router\\index.js:346:12)\n    at next (C:\\Users\\omar\\Desktop\\cinema\\node_modules\\express\\lib\\router\\index.js:280:10)\n    at Function.handle (C:\\Users\\omar\\Desktop\\cinema\\node_modules\\express\\lib\\router\\index.js:175:3)\n    at router (C:\\Users\\omar\\Desktop\\cinema\\node_modules\\express\\lib\\router\\index.js:47:12)"}
{"level":"info","message":"App listening on url: http://localhost:8080"}
{"level":"info","message":"MongoDB Connected..."}
{"level":"info","message":"App listening on url: http://localhost:8080"}
{"level":"info","message":"MongoDB Connected..."}
{"level":"error","message":"User.findOne is not a function User.findOne is not a function","stack":"TypeError: User.findOne is not a function\n    at addUser (C:\\Users\\omar\\Desktop\\cinema\\src\\controllers\\userController.js:10:27)\n    at Layer.handle [as handle_request] (C:\\Users\\omar\\Desktop\\cinema\\node_modules\\express\\lib\\router\\layer.js:95:5)\n    at next (C:\\Users\\omar\\Desktop\\cinema\\node_modules\\express\\lib\\router\\route.js:149:13)\n    at Route.dispatch (C:\\Users\\omar\\Desktop\\cinema\\node_modules\\express\\lib\\router\\route.js:119:3)\n    at Layer.handle [as handle_request] (C:\\Users\\omar\\Desktop\\cinema\\node_modules\\express\\lib\\router\\layer.js:95:5)\n    at C:\\Users\\omar\\Desktop\\cinema\\node_modules\\express\\lib\\router\\index.js:284:15\n    at Function.process_params (C:\\Users\\omar\\Desktop\\cinema\\node_modules\\express\\lib\\router\\index.js:346:12)\n    at next (C:\\Users\\omar\\Desktop\\cinema\\node_modules\\express\\lib\\router\\index.js:280:10)\n    at Function.handle (C:\\Users\\omar\\Desktop\\cinema\\node_modules\\express\\lib\\router\\index.js:175:3)\n    at router (C:\\Users\\omar\\Desktop\\cinema\\node_modules\\express\\lib\\router\\index.js:47:12)"}
{"level":"info","message":"App listening on url: http://localhost:8080"}
{"level":"info","message":"MongoDB Connected..."}
{"level":"error","message":"User.findOne is not a function User.findOne is not a function","stack":"TypeError: User.findOne is not a function\n    at addUser (C:\\Users\\omar\\Desktop\\cinema\\src\\controllers\\userController.js:10:27)\n    at Layer.handle [as handle_request] (C:\\Users\\omar\\Desktop\\cinema\\node_modules\\express\\lib\\router\\layer.js:95:5)\n    at next (C:\\Users\\omar\\Desktop\\cinema\\node_modules\\express\\lib\\router\\route.js:149:13)\n    at Route.dispatch (C:\\Users\\omar\\Desktop\\cinema\\node_modules\\express\\lib\\router\\route.js:119:3)\n    at Layer.handle [as handle_request] (C:\\Users\\omar\\Desktop\\cinema\\node_modules\\express\\lib\\router\\layer.js:95:5)\n    at C:\\Users\\omar\\Desktop\\cinema\\node_modules\\express\\lib\\router\\index.js:284:15\n    at Function.process_params (C:\\Users\\omar\\Desktop\\cinema\\node_modules\\express\\lib\\router\\index.js:346:12)\n    at next (C:\\Users\\omar\\Desktop\\cinema\\node_modules\\express\\lib\\router\\index.js:280:10)\n    at Function.handle (C:\\Users\\omar\\Desktop\\cinema\\node_modules\\express\\lib\\router\\index.js:175:3)\n    at router (C:\\Users\\omar\\Desktop\\cinema\\node_modules\\express\\lib\\router\\index.js:47:12)"}
{"level":"info","message":"App listening on url: http://localhost:8080"}
{"level":"info","message":"MongoDB Connected..."}
{"level":"error","message":"User.findOne is not a function User.findOne is not a function","stack":"TypeError: User.findOne is not a function\n    at addUser (C:\\Users\\omar\\Desktop\\cinema\\src\\controllers\\userController.js:10:27)\n    at Layer.handle [as handle_request] (C:\\Users\\omar\\Desktop\\cinema\\node_modules\\express\\lib\\router\\layer.js:95:5)\n    at next (C:\\Users\\omar\\Desktop\\cinema\\node_modules\\express\\lib\\router\\route.js:149:13)\n    at Route.dispatch (C:\\Users\\omar\\Desktop\\cinema\\node_modules\\express\\lib\\router\\route.js:119:3)\n    at Layer.handle [as handle_request] (C:\\Users\\omar\\Desktop\\cinema\\node_modules\\express\\lib\\router\\layer.js:95:5)\n    at C:\\Users\\omar\\Desktop\\cinema\\node_modules\\express\\lib\\router\\index.js:284:15\n    at Function.process_params (C:\\Users\\omar\\Desktop\\cinema\\node_modules\\express\\lib\\router\\index.js:346:12)\n    at next (C:\\Users\\omar\\Desktop\\cinema\\node_modules\\express\\lib\\router\\index.js:280:10)\n    at Function.handle (C:\\Users\\omar\\Desktop\\cinema\\node_modules\\express\\lib\\router\\index.js:175:3)\n    at router (C:\\Users\\omar\\Desktop\\cinema\\node_modules\\express\\lib\\router\\index.js:47:12)"}
{"level":"info","message":"App listening on url: http://localhost:8080"}
{"level":"info","message":"MongoDB Connected..."}
{"level":"error","message":"validateUser is not a function validateUser is not a function","stack":"TypeError: validateUser is not a function\n    at addUser (C:\\Users\\omar\\Desktop\\cinema\\src\\controllers\\userController.js:7:23)\n    at Layer.handle [as handle_request] (C:\\Users\\omar\\Desktop\\cinema\\node_modules\\express\\lib\\router\\layer.js:95:5)\n    at next (C:\\Users\\omar\\Desktop\\cinema\\node_modules\\express\\lib\\router\\route.js:149:13)\n    at Route.dispatch (C:\\Users\\omar\\Desktop\\cinema\\node_modules\\express\\lib\\router\\route.js:119:3)\n    at Layer.handle [as handle_request] (C:\\Users\\omar\\Desktop\\cinema\\node_modules\\express\\lib\\router\\layer.js:95:5)\n    at C:\\Users\\omar\\Desktop\\cinema\\node_modules\\express\\lib\\router\\index.js:284:15\n    at Function.process_params (C:\\Users\\omar\\Desktop\\cinema\\node_modules\\express\\lib\\router\\index.js:346:12)\n    at next (C:\\Users\\omar\\Desktop\\cinema\\node_modules\\express\\lib\\router\\index.js:280:10)\n    at Function.handle (C:\\Users\\omar\\Desktop\\cinema\\node_modules\\express\\lib\\router\\index.js:175:3)\n    at router (C:\\Users\\omar\\Desktop\\cinema\\node_modules\\express\\lib\\router\\index.js:47:12)"}
{"level":"info","message":"App listening on url: http://localhost:8080"}
{"level":"info","message":"MongoDB Connected..."}
{"level":"info","message":"App listening on url: http://localhost:8080"}
{"level":"info","message":"MongoDB Connected..."}
{"level":"error","message":"user.generateAuthToken is not a function user.generateAuthToken is not a function","stack":"TypeError: user.generateAuthToken is not a function\n    at addUser (C:\\Users\\omar\\Desktop\\cinema\\src\\controllers\\userController.js:18:24)\n    at process.processTicksAndRejections (node:internal/process/task_queues:95:5)"}
{"level":"info","message":"App listening on url: http://localhost:8080"}
{"level":"info","message":"MongoDB Connected..."}
{"level":"info","message":"App listening on url: http://localhost:8080"}
{"level":"info","message":"MongoDB Connected..."}
{"level":"error","message":"jwt is not defined jwt is not defined","stack":"ReferenceError: jwt is not defined\n    at userSchema.methods.generateAuthToken (C:\\Users\\omar\\Desktop\\cinema\\src\\models\\userModel.js:25:19)\n    at addUser (C:\\Users\\omar\\Desktop\\cinema\\src\\controllers\\userController.js:18:24)\n    at process.processTicksAndRejections (node:internal/process/task_queues:95:5)"}
{"level":"info","message":"App listening on url: http://localhost:8080"}
{"level":"info","message":"MongoDB Connected..."}
{"level":"error","message":"jwt is not defined jwt is not defined","stack":"ReferenceError: jwt is not defined\n    at userSchema.methods.generateAuthToken (C:\\Users\\omar\\Desktop\\cinema\\src\\models\\userModel.js:25:19)\n    at addUser (C:\\Users\\omar\\Desktop\\cinema\\src\\controllers\\userController.js:18:24)\n    at process.processTicksAndRejections (node:internal/process/task_queues:95:5)"}
{"level":"info","message":"App listening on url: http://localhost:8080"}
{"level":"info","message":"MongoDB Connected..."}
{"level":"error","message":"jwt is not defined jwt is not defined","stack":"ReferenceError: jwt is not defined\n    at userSchema.methods.generateAuthToken (C:\\Users\\omar\\Desktop\\cinema\\src\\models\\userModel.js:25:19)\n    at addUser (C:\\Users\\omar\\Desktop\\cinema\\src\\controllers\\userController.js:18:24)\n    at process.processTicksAndRejections (node:internal/process/task_queues:95:5)"}
{"level":"info","message":"App listening on url: http://localhost:8080"}
{"level":"info","message":"MongoDB Connected..."}
{"level":"error","message":"secretOrPrivateKey must have a value secretOrPrivateKey must have a value","stack":"Error: secretOrPrivateKey must have a value\n    at module.exports [as sign] (C:\\Users\\omar\\Desktop\\cinema\\node_modules\\jsonwebtoken\\sign.js:111:20)\n    at userSchema.methods.generateAuthToken (C:\\Users\\omar\\Desktop\\cinema\\src\\models\\userModel.js:26:23)\n    at addUser (C:\\Users\\omar\\Desktop\\cinema\\src\\controllers\\userController.js:18:24)\n    at process.processTicksAndRejections (node:internal/process/task_queues:95:5)"}
{"level":"info","message":"App listening on url: http://localhost:8080"}
{"level":"info","message":"MongoDB Connected..."}
{"level":"error","message":"secretOrPrivateKey must have a value secretOrPrivateKey must have a value","stack":"Error: secretOrPrivateKey must have a value\n    at module.exports [as sign] (C:\\Users\\omar\\Desktop\\cinema\\node_modules\\jsonwebtoken\\sign.js:111:20)\n    at userSchema.methods.generateAuthToken (C:\\Users\\omar\\Desktop\\cinema\\src\\models\\userModel.js:26:23)\n    at addUser (C:\\Users\\omar\\Desktop\\cinema\\src\\controllers\\userController.js:18:24)\n    at process.processTicksAndRejections (node:internal/process/task_queues:95:5)"}
{"level":"info","message":"App listening on url: http://localhost:8080"}
{"level":"info","message":"MongoDB Connected..."}
{"level":"info","message":"App listening on url: http://localhost:8080"}
{"level":"info","message":"MongoDB Connected..."}
{"level":"info","message":"App listening on url: http://localhost:8080"}
{"level":"info","message":"MongoDB Connected..."}
{"level":"error","message":"secretOrPrivateKey must have a value secretOrPrivateKey must have a value","stack":"Error: secretOrPrivateKey must have a value\n    at module.exports [as sign] (C:\\Users\\omar\\Desktop\\cinema\\node_modules\\jsonwebtoken\\sign.js:111:20)\n    at userSchema.methods.generateAuthToken (C:\\Users\\omar\\Desktop\\cinema\\src\\models\\userModel.js:27:23)\n    at addUser (C:\\Users\\omar\\Desktop\\cinema\\src\\controllers\\userController.js:18:24)\n    at process.processTicksAndRejections (node:internal/process/task_queues:95:5)"}
{"level":"info","message":"App listening on url: http://localhost:8080"}
{"level":"info","message":"MongoDB Connected..."}
{"level":"error","message":"jwtPrivateKey is not defined jwtPrivateKey is not defined","stack":"ReferenceError: jwtPrivateKey is not defined\n    at userSchema.methods.generateAuthToken (C:\\Users\\omar\\Desktop\\cinema\\src\\models\\userModel.js:27:47)\n    at addUser (C:\\Users\\omar\\Desktop\\cinema\\src\\controllers\\userController.js:18:24)\n    at process.processTicksAndRejections (node:internal/process/task_queues:95:5)"}
